Flow report for Lab5Wrapper
Tue Feb 18 19:49:38 2025
Quartus Prime Version 20.1.1 Build 720 11/11/2020 SJ Lite Edition


---------------------
; Table of Contents ;
---------------------
  1. Legal Notice
  2. Flow Summary
  3. Flow Settings
  4. Flow Non-Default Global Settings
  5. Flow Elapsed Time
  6. Flow OS Summary
  7. Flow Log
  8. Flow Messages
  9. Flow Suppressed Messages



----------------
; Legal Notice ;
----------------
Copyright (C) 2020  Intel Corporation. All rights reserved.
Your use of Intel Corporation's design tools, logic functions 
and other software and tools, and any partner logic 
functions, and any output files from any of the foregoing 
(including device programming or simulation files), and any 
associated documentation or information are expressly subject 
to the terms and conditions of the Intel Program License 
Subscription Agreement, the Intel Quartus Prime License Agreement,
the Intel FPGA IP License Agreement, or other applicable license
agreement, including, without limitation, that your use is for
the sole purpose of programming logic devices manufactured by
Intel and sold by Intel or its authorized distributors.  Please
refer to the applicable agreement for further details, at
https://fpgasoftware.intel.com/eula.



+-------------------------------------------------------------------------------+
; Flow Summary                                                                  ;
+---------------------------------+---------------------------------------------+
; Flow Status                     ; Successful - Tue Feb 18 19:49:38 2025       ;
; Quartus Prime Version           ; 20.1.1 Build 720 11/11/2020 SJ Lite Edition ;
; Revision Name                   ; Lab5Wrapper                                 ;
; Top-level Entity Name           ; Lab5Wrapper                                 ;
; Family                          ; Cyclone V                                   ;
; Device                          ; 5CSXFC6D6F31C6                              ;
; Timing Models                   ; Final                                       ;
; Logic utilization (in ALMs)     ; 252 / 41,910 ( < 1 % )                      ;
; Total registers                 ; 485                                         ;
; Total pins                      ; 10 / 499 ( 2 % )                            ;
; Total virtual pins              ; 0                                           ;
; Total block memory bits         ; 1,792 / 5,662,720 ( < 1 % )                 ;
; Total DSP Blocks                ; 0 / 112 ( 0 % )                             ;
; Total HSSI RX PCSs              ; 0 / 9 ( 0 % )                               ;
; Total HSSI PMA RX Deserializers ; 0 / 9 ( 0 % )                               ;
; Total HSSI TX PCSs              ; 0 / 9 ( 0 % )                               ;
; Total HSSI PMA TX Serializers   ; 0 / 9 ( 0 % )                               ;
; Total PLLs                      ; 1 / 15 ( 7 % )                              ;
; Total DLLs                      ; 0 / 4 ( 0 % )                               ;
+---------------------------------+---------------------------------------------+


+-----------------------------------------+
; Flow Settings                           ;
+-------------------+---------------------+
; Option            ; Setting             ;
+-------------------+---------------------+
; Start date & time ; 02/18/2025 19:47:29 ;
; Main task         ; Compilation         ;
; Revision Name     ; Lab5Wrapper         ;
+-------------------+---------------------+


+------------------------------------------------------------------------------------------------------------------------------------------------------------------------+
; Flow Non-Default Global Settings                                                                                                                                       ;
+-------------------------------------+----------------------------------------------------------------+---------------+-------------+-----------------------------------+
; Assignment Name                     ; Value                                                          ; Default Value ; Entity Name ; Section Id                        ;
+-------------------------------------+----------------------------------------------------------------+---------------+-------------+-----------------------------------+
; COMPILER_SIGNATURE_ID               ; 233730242065273.173992604905460                                ; --            ; --          ; --                                ;
; EDA_GENERATE_FUNCTIONAL_NETLIST     ; Off                                                            ; --            ; --          ; eda_board_design_timing           ;
; EDA_GENERATE_FUNCTIONAL_NETLIST     ; Off                                                            ; --            ; --          ; eda_board_design_boundary_scan    ;
; EDA_GENERATE_FUNCTIONAL_NETLIST     ; Off                                                            ; --            ; --          ; eda_board_design_signal_integrity ;
; EDA_GENERATE_FUNCTIONAL_NETLIST     ; Off                                                            ; --            ; --          ; eda_board_design_symbol           ;
; EDA_OUTPUT_DATA_FORMAT              ; Vhdl                                                           ; --            ; --          ; eda_simulation                    ;
; EDA_SIMULATION_TOOL                 ; ModelSim-Altera (VHDL)                                         ; <None>        ; --          ; --                                ;
; EDA_TIME_SCALE                      ; 1 ps                                                           ; --            ; --          ; eda_simulation                    ;
; ENABLE_SIGNALTAP                    ; On                                                             ; --            ; --          ; --                                ;
; MAX_CORE_JUNCTION_TEMP              ; 85                                                             ; --            ; --          ; --                                ;
; MIN_CORE_JUNCTION_TEMP              ; 0                                                              ; --            ; --          ; --                                ;
; MISC_FILE                           ; ClockDivider.cmp                                               ; --            ; --          ; --                                ;
; MISC_FILE                           ; ClockDivider_sim/ClockDivider.vho                              ; --            ; --          ; --                                ;
; OUTPUT_IO_TIMING_FAR_END_VMEAS      ; Half Signal Swing                                              ; --            ; --          ; --                                ;
; OUTPUT_IO_TIMING_FAR_END_VMEAS      ; Half Signal Swing                                              ; --            ; --          ; --                                ;
; OUTPUT_IO_TIMING_NEAR_END_VMEAS     ; Half Vccio                                                     ; --            ; --          ; --                                ;
; OUTPUT_IO_TIMING_NEAR_END_VMEAS     ; Half Vccio                                                     ; --            ; --          ; --                                ;
; PARTITION_COLOR                     ; -- (Not supported for targeted family)                         ; --            ; --          ; Top                               ;
; PARTITION_FITTER_PRESERVATION_LEVEL ; -- (Not supported for targeted family)                         ; --            ; --          ; Top                               ;
; PARTITION_NETLIST_TYPE              ; -- (Not supported for targeted family)                         ; --            ; --          ; Top                               ;
; POWER_BOARD_THERMAL_MODEL           ; None (CONSERVATIVE)                                            ; --            ; --          ; --                                ;
; POWER_PRESET_COOLING_SOLUTION       ; 23 MM HEAT SINK WITH 200 LFPM AIRFLOW                          ; --            ; --          ; --                                ;
; PROJECT_OUTPUT_DIRECTORY            ; output_files                                                   ; --            ; --          ; --                                ;
; SLD_FILE                            ; db/lab_5_signal_tapper_auto_stripped.stp                       ; --            ; --          ; --                                ;
; SLD_NODE_CREATOR_ID                 ; 110                                                            ; --            ; --          ; auto_signaltap_0                  ;
; SLD_NODE_ENTITY_NAME                ; sld_signaltap                                                  ; --            ; --          ; auto_signaltap_0                  ;
; SLD_NODE_PARAMETER_ASSIGNMENT       ; SLD_RAM_BLOCK_TYPE=AUTO                                        ; --            ; --          ; auto_signaltap_0                  ;
; SLD_NODE_PARAMETER_ASSIGNMENT       ; SLD_DATA_BITS=7                                                ; --            ; --          ; auto_signaltap_0                  ;
; SLD_NODE_PARAMETER_ASSIGNMENT       ; SLD_TRIGGER_BITS=7                                             ; --            ; --          ; auto_signaltap_0                  ;
; SLD_NODE_PARAMETER_ASSIGNMENT       ; SLD_STORAGE_QUALIFIER_BITS=7                                   ; --            ; --          ; auto_signaltap_0                  ;
; SLD_NODE_PARAMETER_ASSIGNMENT       ; SLD_NODE_INFO=805334528                                        ; --            ; --          ; auto_signaltap_0                  ;
; SLD_NODE_PARAMETER_ASSIGNMENT       ; SLD_POWER_UP_TRIGGER=0                                         ; --            ; --          ; auto_signaltap_0                  ;
; SLD_NODE_PARAMETER_ASSIGNMENT       ; SLD_INVERSION_MASK=0000000000000000000000000000000000000000000 ; --            ; --          ; auto_signaltap_0                  ;
; SLD_NODE_PARAMETER_ASSIGNMENT       ; SLD_INVERSION_MASK_LENGTH=43                                   ; --            ; --          ; auto_signaltap_0                  ;
; SLD_NODE_PARAMETER_ASSIGNMENT       ; SLD_STORAGE_QUALIFIER_INVERSION_MASK_LENGTH=0                  ; --            ; --          ; auto_signaltap_0                  ;
; SLD_NODE_PARAMETER_ASSIGNMENT       ; SLD_SEGMENT_SIZE=256                                           ; --            ; --          ; auto_signaltap_0                  ;
; SLD_NODE_PARAMETER_ASSIGNMENT       ; SLD_ATTRIBUTE_MEM_MODE=OFF                                     ; --            ; --          ; auto_signaltap_0                  ;
; SLD_NODE_PARAMETER_ASSIGNMENT       ; SLD_STATE_FLOW_USE_GENERATED=0                                 ; --            ; --          ; auto_signaltap_0                  ;
; SLD_NODE_PARAMETER_ASSIGNMENT       ; SLD_STATE_BITS=11                                              ; --            ; --          ; auto_signaltap_0                  ;
; SLD_NODE_PARAMETER_ASSIGNMENT       ; SLD_BUFFER_FULL_STOP=1                                         ; --            ; --          ; auto_signaltap_0                  ;
; SLD_NODE_PARAMETER_ASSIGNMENT       ; SLD_CURRENT_RESOURCE_WIDTH=1                                   ; --            ; --          ; auto_signaltap_0                  ;
; SLD_NODE_PARAMETER_ASSIGNMENT       ; SLD_INCREMENTAL_ROUTING=1                                      ; --            ; --          ; auto_signaltap_0                  ;
; SLD_NODE_PARAMETER_ASSIGNMENT       ; SLD_TRIGGER_LEVEL=1                                            ; --            ; --          ; auto_signaltap_0                  ;
; SLD_NODE_PARAMETER_ASSIGNMENT       ; SLD_SAMPLE_DEPTH=256                                           ; --            ; --          ; auto_signaltap_0                  ;
; SLD_NODE_PARAMETER_ASSIGNMENT       ; SLD_TRIGGER_IN_ENABLED=0                                       ; --            ; --          ; auto_signaltap_0                  ;
; SLD_NODE_PARAMETER_ASSIGNMENT       ; SLD_TRIGGER_PIPELINE=0                                         ; --            ; --          ; auto_signaltap_0                  ;
; SLD_NODE_PARAMETER_ASSIGNMENT       ; SLD_RAM_PIPELINE=0                                             ; --            ; --          ; auto_signaltap_0                  ;
; SLD_NODE_PARAMETER_ASSIGNMENT       ; SLD_COUNTER_PIPELINE=0                                         ; --            ; --          ; auto_signaltap_0                  ;
; SLD_NODE_PARAMETER_ASSIGNMENT       ; SLD_ADVANCED_TRIGGER_ENTITY=basic,1,                           ; --            ; --          ; auto_signaltap_0                  ;
; SLD_NODE_PARAMETER_ASSIGNMENT       ; SLD_TRIGGER_LEVEL_PIPELINE=1                                   ; --            ; --          ; auto_signaltap_0                  ;
; SLD_NODE_PARAMETER_ASSIGNMENT       ; SLD_ENABLE_ADVANCED_TRIGGER=0                                  ; --            ; --          ; auto_signaltap_0                  ;
; SPD_FILE                            ; ClockDivider.spd                                               ; --            ; --          ; --                                ;
; SYNTHESIS_ONLY_QIP                  ; On                                                             ; --            ; --          ; --                                ;
; USE_SIGNALTAP_FILE                  ; output_files/lab_5_signal_tapper.stp                           ; --            ; --          ; --                                ;
+-------------------------------------+----------------------------------------------------------------+---------------+-------------+-----------------------------------+


+--------------------------------------------------------------------------------------------------------------------------+
; Flow Elapsed Time                                                                                                        ;
+----------------------+--------------+-------------------------+---------------------+------------------------------------+
; Module Name          ; Elapsed Time ; Average Processors Used ; Peak Virtual Memory ; Total CPU Time (on all processors) ;
+----------------------+--------------+-------------------------+---------------------+------------------------------------+
; Analysis & Synthesis ; 00:00:27     ; 1.0                     ; 4910 MB             ; 00:00:43                           ;
; Fitter               ; 00:01:16     ; 1.0                     ; 6801 MB             ; 00:04:14                           ;
; Assembler            ; 00:00:08     ; 1.0                     ; 4846 MB             ; 00:00:08                           ;
; Timing Analyzer      ; 00:00:09     ; 1.4                     ; 5231 MB             ; 00:00:11                           ;
; EDA Netlist Writer   ; 00:00:03     ; 1.0                     ; 4837 MB             ; 00:00:03                           ;
; Total                ; 00:02:03     ; --                      ; --                  ; 00:05:19                           ;
+----------------------+--------------+-------------------------+---------------------+------------------------------------+


+------------------------------------------------------------------------------------+
; Flow OS Summary                                                                    ;
+----------------------+------------------+------------+------------+----------------+
; Module Name          ; Machine Hostname ; OS Name    ; OS Version ; Processor type ;
+----------------------+------------------+------------+------------+----------------+
; Analysis & Synthesis ; DESKTOP-M4P09O8  ; Windows 10 ; 10.0       ; x86_64         ;
; Fitter               ; DESKTOP-M4P09O8  ; Windows 10 ; 10.0       ; x86_64         ;
; Assembler            ; DESKTOP-M4P09O8  ; Windows 10 ; 10.0       ; x86_64         ;
; Timing Analyzer      ; DESKTOP-M4P09O8  ; Windows 10 ; 10.0       ; x86_64         ;
; EDA Netlist Writer   ; DESKTOP-M4P09O8  ; Windows 10 ; 10.0       ; x86_64         ;
+----------------------+------------------+------------+------------+----------------+


------------
; Flow Log ;
------------
quartus_map --read_settings_files=on --write_settings_files=off Lab5Wrapper -c Lab5Wrapper
quartus_fit --read_settings_files=off --write_settings_files=off Lab5Wrapper -c Lab5Wrapper
quartus_asm --read_settings_files=off --write_settings_files=off Lab5Wrapper -c Lab5Wrapper
quartus_sta Lab5Wrapper -c Lab5Wrapper
quartus_eda --read_settings_files=off --write_settings_files=off Lab5Wrapper -c Lab5Wrapper



